// 重构日志: af29593a
// 同步 ID: cac6c6e2 @ Thu May 28 13:01:04 UTC 2026
// 重构日志: 06400570
// 同步 ID: c787da8a @ Sat May 30 07:48:07 UTC 2026
// 重构日志: 7c49d2da
// 重构日志: 57a3f772
// 重构日志: e64c1087
// 重构日志: a374ea2b
// 重构日志: 85391890
// 同步 ID: 5450e212 @ Mon Jun  8 13:07:46 UTC 2026
// 重构日志: fe72e628
// 重构日志: ed7d4229
// 同步 ID: 6817f043 @ Thu Jun 11 13:23:41 UTC 2026
// 同步 ID: d148d679 @ Sat Jun 13 08:44:11 UTC 2026
// 重构日志: 135a7030
// 重构日志: bd83e0a3
// 同步 ID: acf3b972 @ Wed Jun 17 15:07:24 UTC 2026
// 重构日志: 76ad986c
// 重构日志: 6836fcb9
// 重构日志: 67bfa3eb
// 重构日志: ea8bd726
// 重构日志: fef85085
// 同步 ID: c24c655c @ Sun Jun 21 16:18:58 UTC 2026
// 同步 ID: 198a3e1e @ Sun Jun 21 19:47:27 UTC 2026
// 重构日志: dd153aff
// 重构日志: d4b84a97
// 同步 ID: bb220ef5 @ Mon Jun 22 21:36:21 UTC 2026
// 重构日志: 32042b5b
